<?xml version="1.0" encoding="UTF-8"?>
<!-- Generated by org.testng.reporters.JUnitReportReporter -->
<testsuite hostname="DESKTOP-6M20EG8" failures="0" tests="1" name="Testcases.TC02_LoginwithValid" time="2.665" errors="0" timestamp="2025-08-19T16:54:24 IST" skipped="0">
  <testcase classname="Testcases.TC02_LoginwithValid" name="Logintest" time="2.665"/>
</testsuite> <!-- Testcases.TC02_LoginwithValid -->
