<?xml version="1.0" encoding="UTF-8"?>
<!-- Generated by org.testng.reporters.JUnitReportReporter -->
<testsuite hostname="DESKTOP-6M20EG8" failures="0" tests="4" name="Testcases.TC03_LoginDatadriven" time="47.367" errors="0" timestamp="2025-08-20T22:05:47 IST" skipped="0">
  <testcase classname="Testcases.TC03_LoginDatadriven" name="loginDDT" time="4.179"/>
  <testcase classname="Testcases.TC03_LoginDatadriven" name="loginDDT" time="3.599"/>
  <testcase classname="Testcases.TC03_LoginDatadriven" name="loginDDT" time="31.871"/>
  <testcase classname="Testcases.TC03_LoginDatadriven" name="loginDDT" time="7.718"/>
</testsuite> <!-- Testcases.TC03_LoginDatadriven -->
