<?xml version="1.0" encoding="UTF-8"?>
<!-- Generated by org.testng.reporters.JUnitReportReporter -->
<testsuite hostname="DESKTOP-6M20EG8" failures="0" tests="1" name="Testcases.TC01_Register" time="3.583" errors="0" timestamp="2025-08-20T22:52:45 IST" skipped="0">
  <testcase classname="Testcases.TC01_Register" name="testRegisteration" time="3.583"/>
</testsuite> <!-- Testcases.TC01_Register -->
