<?xml version="1.0" encoding="UTF-8"?>
<!-- Generated by org.testng.reporters.JUnitReportReporter -->
<testsuite hostname="DESKTOP-6M20EG8" failures="0" tests="1" name="Testcases.TC02_Login" time="2.653" errors="0" timestamp="2025-09-11T13:23:54 IST" skipped="0">
  <testcase classname="Testcases.TC02_Login" name="Logintest" time="2.653"/>
</testsuite> <!-- Testcases.TC02_Login -->
